2017-08-17 17:11:11,037 [main] INFO  com.vunic.qaselenium.testSE.FlujoCalculoTravelClub - Inicio - Conexión con servidor Selenium: http://localhost:4444/wd/hub
2017-08-17 17:11:19,017 [main] INFO  com.vunic.qaselenium.testSE.FlujoCalculoTravelClub - Conexion OK
2017-08-17 17:25:43,999 [main] INFO  com.vunic.qaselenium.testSE.FlujoCalculoTravelClub - Inicio - Conexión con servidor Selenium: http://localhost:4444/wd/hub
2017-08-17 17:25:46,277 [main] INFO  com.vunic.qaselenium.testSE.FlujoCalculoTravelClub - Conexion OK
2017-08-17 17:25:46,288 [main] INFO  com.vunic.qaselenium.testSE.FlujoCalculoTravelClub - BD Borrada OK
2017-08-17 17:25:46,901 [main] INFO  com.vunic.qaselenium.testSE.FlujoCalculoTravelClub - CONEXION MONGO BASE 01
2017-08-17 17:27:29,071 [main] INFO  com.vunic.qaselenium.testSE.FlujoCalculoTravelClub - Inicio - Conexión con servidor Selenium: http://localhost:4444/wd/hub
2017-08-17 17:27:39,497 [main] INFO  com.vunic.qaselenium.testSE.FlujoCalculoTravelClub - Conexion OK
2017-08-17 17:27:58,785 [main] INFO  com.vunic.qaselenium.testSE.FlujoCalculoTravelClub - BD Borrada OK
2017-08-17 17:28:20,205 [main] INFO  com.vunic.qaselenium.testSE.FlujoCalculoTravelClub - CONEXION MONGO BASE 01
2017-08-17 17:33:04,617 [main] INFO  com.vunic.qaselenium.testSE.FlujoCalculoTravelClub - Inicio - Conexión con servidor Selenium: http://localhost:4444/wd/hub
2017-08-17 17:33:09,461 [main] INFO  com.vunic.qaselenium.testSE.FlujoCalculoTravelClub - Conexion OK
2017-08-17 17:33:18,927 [main] INFO  com.vunic.qaselenium.testSE.FlujoCalculoTravelClub - BD Borrada OK
2017-08-17 17:33:29,198 [main] INFO  com.vunic.qaselenium.testSE.FlujoCalculoTravelClub - CONEXION MONGO BASE 01
2017-08-17 17:35:08,493 [main] INFO  com.vunic.qaselenium.testSE.FlujoCalculoTravelClub - Inicio - Conexión con servidor Selenium: http://localhost:4444/wd/hub
2017-08-17 17:35:12,809 [main] INFO  com.vunic.qaselenium.testSE.FlujoCalculoTravelClub - Conexion OK
2017-08-17 17:35:18,908 [main] INFO  com.vunic.qaselenium.testSE.FlujoCalculoTravelClub - BD Borrada OK
2017-08-17 17:36:34,324 [main] INFO  com.vunic.qaselenium.testSE.FlujoCalculoTravelClub - CONEXION MONGO BASE 01
2017-08-17 17:40:36,951 [main] INFO  com.vunic.qaselenium.testSE.FlujoCalculoTravelClub - Inicio - Conexión con servidor Selenium: http://localhost:4444/wd/hub
2017-08-17 17:40:43,192 [main] INFO  com.vunic.qaselenium.testSE.FlujoCalculoTravelClub - Conexion OK
2017-08-17 17:40:50,501 [main] INFO  com.vunic.qaselenium.testSE.FlujoCalculoTravelClub - BD Borrada OK
2017-08-17 17:40:57,514 [main] INFO  com.vunic.qaselenium.testSE.FlujoCalculoTravelClub - CONEXION MONGO BASE 01
2017-08-17 17:51:50,419 [main] INFO  com.vunic.qaselenium.testSE.FlujoCalculoTravelClub - Inicio - Conexión con servidor Selenium: http://localhost:4444/wd/hub
2017-08-17 17:51:55,363 [main] INFO  com.vunic.qaselenium.testSE.FlujoCalculoTravelClub - Conexion OK
2017-08-17 17:51:57,372 [main] INFO  com.vunic.qaselenium.testSE.FlujoCalculoTravelClub - BD Borrada OK
2017-08-17 17:52:02,917 [main] INFO  com.vunic.qaselenium.testSE.FlujoCalculoTravelClub - CONEXION MONGO BASE 01
2017-08-17 17:52:09,074 [main] INFO  com.vunic.qaselenium.testSE.FlujoCalculoTravelClub - Cantidad de Promociones: com.mongodb.MongoBatchCursorAdapter@f5acb9d
2017-08-17 17:56:53,570 [main] INFO  com.vunic.qaselenium.testSE.FlujoCalculoTravelClub - Inicio - Conexión con servidor Selenium: http://localhost:4444/wd/hub
2017-08-17 17:56:58,437 [main] INFO  com.vunic.qaselenium.testSE.FlujoCalculoTravelClub - Conexion OK
2017-08-17 17:56:59,678 [main] INFO  com.vunic.qaselenium.testSE.FlujoCalculoTravelClub - BD Borrada OK
2017-08-17 17:57:03,928 [main] INFO  com.vunic.qaselenium.testSE.FlujoCalculoTravelClub - CONEXION MONGO BASE 01
2017-08-17 17:57:14,606 [main] INFO  com.vunic.qaselenium.testSE.FlujoCalculoTravelClub - Cantidad de Promociones: com.mongodb.MongoBatchCursorAdapter@f5acb9d
2017-08-18 17:35:35,248 [main] INFO  com.vunic.qaselenium.testSE.FlujoCalculoTravelClub - Inicio - Conexión con servidor Selenium: http://server1:4444/wd/hub
2017-08-18 17:39:37,040 [main] INFO  com.vunic.qaselenium.testSE.FlujoCalculoTravelClub - Conexion OK
2017-08-18 17:40:43,779 [main] INFO  com.vunic.qaselenium.testSE.FlujoCalculoTravelClub - BD Borrada OK
2017-08-18 17:41:58,645 [main] INFO  com.vunic.qaselenium.testSE.FlujoCalculoTravelClub - CONEXION MONGO BASE 01
2017-08-18 17:42:26,919 [main] INFO  com.vunic.qaselenium.testSE.FlujoCalculoTravelClub - Cantidad de Promociones: com.mongodb.MongoBatchCursorAdapter@2c35e847
2017-08-18 18:49:13,160 [main] INFO  com.vunic.qaselenium.testSE.FlujoCalculoTravelClub - Inicio - Conexión con servidor Selenium: http://server1:4444/wd/hub
2017-08-18 18:49:16,491 [main] INFO  com.vunic.qaselenium.testSE.FlujoCalculoTravelClub - Conexion OK
2017-08-18 18:49:22,751 [main] INFO  com.vunic.qaselenium.testSE.FlujoCalculoTravelClub - BD MySql Borrada OK
2017-08-18 18:49:51,248 [main] INFO  com.vunic.qaselenium.testSE.FlujoCalculoTravelClub - CONEXION MONGO BASE 01
2017-08-18 18:51:39,498 [main] INFO  com.vunic.qaselenium.testSE.FlujoCalculoTravelClub - Inicio - Conexión con servidor Selenium: http://server1:4444/wd/hub
2017-08-18 18:51:41,061 [main] INFO  com.vunic.qaselenium.testSE.FlujoCalculoTravelClub - Conexion OK
2017-08-18 18:51:43,766 [main] INFO  com.vunic.qaselenium.testSE.FlujoCalculoTravelClub - BD MySql Borrada OK
2017-08-18 18:51:55,358 [main] INFO  com.vunic.qaselenium.testSE.FlujoCalculoTravelClub - CONEXION MONGO BASE 01
2017-08-18 18:53:52,207 [main] INFO  com.vunic.qaselenium.testSE.FlujoCalculoTravelClub - Inicio - Conexión con servidor Selenium: http://server1:4444/wd/hub
2017-08-18 18:53:53,679 [main] INFO  com.vunic.qaselenium.testSE.FlujoCalculoTravelClub - Conexion OK
2017-08-18 18:53:56,554 [main] INFO  com.vunic.qaselenium.testSE.FlujoCalculoTravelClub - BD MySql Borrada OK
2017-08-18 18:54:16,732 [main] INFO  com.vunic.qaselenium.testSE.FlujoCalculoTravelClub - CONEXION MONGO BASE 01
2017-08-21 11:17:37,556 [main] INFO  com.vunic.qaselenium.testSE.FlujoCalculoTravelClub - Inicio - Conexión con servidor Selenium: http://server1:4444/wd/hub
2017-08-21 12:13:07,978 [main] INFO  com.vunic.qaselenium.testSE.FlujoCalculoTravelClub - Inicio - Conexión con servidor Selenium: http://localhost:4444/wd/hub
2017-08-21 12:15:30,850 [main] INFO  com.vunic.qaselenium.testSE.FlujoCalculoTravelClub - Error al intentar conectar BD
com.mysql.jdbc.exceptions.jdbc4.CommunicationsException: Communications link failure

Last packet sent to the server was 0 ms ago.
	at sun.reflect.NativeConstructorAccessorImpl.newInstance0(Native Method)
	at sun.reflect.NativeConstructorAccessorImpl.newInstance(Unknown Source)
	at sun.reflect.DelegatingConstructorAccessorImpl.newInstance(Unknown Source)
	at java.lang.reflect.Constructor.newInstance(Unknown Source)
	at com.mysql.jdbc.Util.handleNewInstance(Util.java:406)
	at com.mysql.jdbc.SQLError.createCommunicationsException(SQLError.java:1074)
	at com.mysql.jdbc.ConnectionImpl.createNewIO(ConnectionImpl.java:2103)
	at com.mysql.jdbc.ConnectionImpl.<init>(ConnectionImpl.java:718)
	at com.mysql.jdbc.JDBC4Connection.<init>(JDBC4Connection.java:46)
	at sun.reflect.NativeConstructorAccessorImpl.newInstance0(Native Method)
	at sun.reflect.NativeConstructorAccessorImpl.newInstance(Unknown Source)
	at sun.reflect.DelegatingConstructorAccessorImpl.newInstance(Unknown Source)
	at java.lang.reflect.Constructor.newInstance(Unknown Source)
	at com.mysql.jdbc.Util.handleNewInstance(Util.java:406)
	at com.mysql.jdbc.ConnectionImpl.getInstance(ConnectionImpl.java:302)
	at com.mysql.jdbc.NonRegisteringDriver.connect(NonRegisteringDriver.java:282)
	at java.sql.DriverManager.getConnection(Unknown Source)
	at java.sql.DriverManager.getConnection(Unknown Source)
	at com.vunic.core.datos.DatosService.getFactory(DatosService.java:59)
	at com.vunic.core.datos.DatosService.getInstance(DatosService.java:39)
	at com.vunic.core.FactorySvc.ServicioDatos(FactorySvc.java:82)
	at com.vunic.qaselenium.datos.impl.MongoOverDAO.deleteFull(MongoOverDAO.java:60)
	at com.vunic.qaselenium.mgr.TravelClubMgr.DeleteFullBD(TravelClubMgr.java:37)
	at com.vunic.qaselenium.testSE.FlujoCalculoTravelClub.GenerarDatosPrueba(FlujoCalculoTravelClub.java:94)
	at com.vunic.qaselenium.testSE.FlujoCalculoTravelClub.testA000(FlujoCalculoTravelClub.java:77)
	at sun.reflect.NativeMethodAccessorImpl.invoke0(Native Method)
	at sun.reflect.NativeMethodAccessorImpl.invoke(Unknown Source)
	at sun.reflect.DelegatingMethodAccessorImpl.invoke(Unknown Source)
	at java.lang.reflect.Method.invoke(Unknown Source)
	at org.junit.runners.model.FrameworkMethod$1.runReflectiveCall(FrameworkMethod.java:47)
	at org.junit.internal.runners.model.ReflectiveCallable.run(ReflectiveCallable.java:12)
	at org.junit.runners.model.FrameworkMethod.invokeExplosively(FrameworkMethod.java:44)
	at org.junit.internal.runners.statements.InvokeMethod.evaluate(InvokeMethod.java:17)
	at org.junit.internal.runners.statements.RunBefores.evaluate(RunBefores.java:26)
	at org.junit.runners.ParentRunner.runLeaf(ParentRunner.java:271)
	at org.junit.runners.BlockJUnit4ClassRunner.runChild(BlockJUnit4ClassRunner.java:70)
	at org.junit.runners.BlockJUnit4ClassRunner.runChild(BlockJUnit4ClassRunner.java:50)
	at org.junit.runners.ParentRunner$3.run(ParentRunner.java:238)
	at org.junit.runners.ParentRunner$1.schedule(ParentRunner.java:63)
	at org.junit.runners.ParentRunner.runChildren(ParentRunner.java:236)
	at org.junit.runners.ParentRunner.access$000(ParentRunner.java:53)
	at org.junit.runners.ParentRunner$2.evaluate(ParentRunner.java:229)
	at org.junit.runners.ParentRunner.run(ParentRunner.java:309)
	at org.eclipse.jdt.internal.junit4.runner.JUnit4TestReference.run(JUnit4TestReference.java:86)
	at org.eclipse.jdt.internal.junit.runner.TestExecution.run(TestExecution.java:38)
	at org.eclipse.jdt.internal.junit.runner.RemoteTestRunner.runTests(RemoteTestRunner.java:459)
	at org.eclipse.jdt.internal.junit.runner.RemoteTestRunner.runTests(RemoteTestRunner.java:678)
	at org.eclipse.jdt.internal.junit.runner.RemoteTestRunner.run(RemoteTestRunner.java:382)
	at org.eclipse.jdt.internal.junit.runner.RemoteTestRunner.main(RemoteTestRunner.java:192)
Caused by: java.net.ConnectException: Connection refused: connect
	at java.net.DualStackPlainSocketImpl.connect0(Native Method)
	at java.net.DualStackPlainSocketImpl.socketConnect(Unknown Source)
	at java.net.AbstractPlainSocketImpl.doConnect(Unknown Source)
	at java.net.AbstractPlainSocketImpl.connectToAddress(Unknown Source)
	at java.net.AbstractPlainSocketImpl.connect(Unknown Source)
	at java.net.PlainSocketImpl.connect(Unknown Source)
	at java.net.SocksSocketImpl.connect(Unknown Source)
	at java.net.Socket.connect(Unknown Source)
	at java.net.Socket.connect(Unknown Source)
	at java.net.Socket.<init>(Unknown Source)
	at java.net.Socket.<init>(Unknown Source)
	at com.mysql.jdbc.StandardSocketFactory.connect(StandardSocketFactory.java:253)
	at com.mysql.jdbc.MysqlIO.<init>(MysqlIO.java:280)
	at com.mysql.jdbc.ConnectionImpl.createNewIO(ConnectionImpl.java:2026)
	... 42 more
2017-08-21 12:17:18,342 [main] INFO  com.vunic.qaselenium.testSE.FlujoCalculoTravelClub - Inicio - Conexión con servidor Selenium: http://localhost:4444/wd/hub
2017-08-21 12:17:20,458 [main] INFO  com.vunic.qaselenium.testSE.FlujoCalculoTravelClub - Error al intentar conectar BD
com.mysql.jdbc.exceptions.jdbc4.CommunicationsException: Communications link failure

Last packet sent to the server was 0 ms ago.
	at sun.reflect.NativeConstructorAccessorImpl.newInstance0(Native Method)
	at sun.reflect.NativeConstructorAccessorImpl.newInstance(Unknown Source)
	at sun.reflect.DelegatingConstructorAccessorImpl.newInstance(Unknown Source)
	at java.lang.reflect.Constructor.newInstance(Unknown Source)
	at com.mysql.jdbc.Util.handleNewInstance(Util.java:406)
	at com.mysql.jdbc.SQLError.createCommunicationsException(SQLError.java:1074)
	at com.mysql.jdbc.ConnectionImpl.createNewIO(ConnectionImpl.java:2103)
	at com.mysql.jdbc.ConnectionImpl.<init>(ConnectionImpl.java:718)
	at com.mysql.jdbc.JDBC4Connection.<init>(JDBC4Connection.java:46)
	at sun.reflect.NativeConstructorAccessorImpl.newInstance0(Native Method)
	at sun.reflect.NativeConstructorAccessorImpl.newInstance(Unknown Source)
	at sun.reflect.DelegatingConstructorAccessorImpl.newInstance(Unknown Source)
	at java.lang.reflect.Constructor.newInstance(Unknown Source)
	at com.mysql.jdbc.Util.handleNewInstance(Util.java:406)
	at com.mysql.jdbc.ConnectionImpl.getInstance(ConnectionImpl.java:302)
	at com.mysql.jdbc.NonRegisteringDriver.connect(NonRegisteringDriver.java:282)
	at java.sql.DriverManager.getConnection(Unknown Source)
	at java.sql.DriverManager.getConnection(Unknown Source)
	at com.vunic.core.datos.DatosService.getFactory(DatosService.java:59)
	at com.vunic.core.datos.DatosService.getInstance(DatosService.java:39)
	at com.vunic.core.FactorySvc.ServicioDatos(FactorySvc.java:82)
	at com.vunic.qaselenium.datos.impl.MongoOverDAO.deleteFull(MongoOverDAO.java:60)
	at com.vunic.qaselenium.mgr.TravelClubMgr.DeleteFullBD(TravelClubMgr.java:37)
	at com.vunic.qaselenium.testSE.FlujoCalculoTravelClub.GenerarDatosPrueba(FlujoCalculoTravelClub.java:94)
	at com.vunic.qaselenium.testSE.FlujoCalculoTravelClub.testA000(FlujoCalculoTravelClub.java:77)
	at sun.reflect.NativeMethodAccessorImpl.invoke0(Native Method)
	at sun.reflect.NativeMethodAccessorImpl.invoke(Unknown Source)
	at sun.reflect.DelegatingMethodAccessorImpl.invoke(Unknown Source)
	at java.lang.reflect.Method.invoke(Unknown Source)
	at org.junit.runners.model.FrameworkMethod$1.runReflectiveCall(FrameworkMethod.java:47)
	at org.junit.internal.runners.model.ReflectiveCallable.run(ReflectiveCallable.java:12)
	at org.junit.runners.model.FrameworkMethod.invokeExplosively(FrameworkMethod.java:44)
	at org.junit.internal.runners.statements.InvokeMethod.evaluate(InvokeMethod.java:17)
	at org.junit.internal.runners.statements.RunBefores.evaluate(RunBefores.java:26)
	at org.junit.runners.ParentRunner.runLeaf(ParentRunner.java:271)
	at org.junit.runners.BlockJUnit4ClassRunner.runChild(BlockJUnit4ClassRunner.java:70)
	at org.junit.runners.BlockJUnit4ClassRunner.runChild(BlockJUnit4ClassRunner.java:50)
	at org.junit.runners.ParentRunner$3.run(ParentRunner.java:238)
	at org.junit.runners.ParentRunner$1.schedule(ParentRunner.java:63)
	at org.junit.runners.ParentRunner.runChildren(ParentRunner.java:236)
	at org.junit.runners.ParentRunner.access$000(ParentRunner.java:53)
	at org.junit.runners.ParentRunner$2.evaluate(ParentRunner.java:229)
	at org.junit.runners.ParentRunner.run(ParentRunner.java:309)
	at org.eclipse.jdt.internal.junit4.runner.JUnit4TestReference.run(JUnit4TestReference.java:86)
	at org.eclipse.jdt.internal.junit.runner.TestExecution.run(TestExecution.java:38)
	at org.eclipse.jdt.internal.junit.runner.RemoteTestRunner.runTests(RemoteTestRunner.java:459)
	at org.eclipse.jdt.internal.junit.runner.RemoteTestRunner.runTests(RemoteTestRunner.java:678)
	at org.eclipse.jdt.internal.junit.runner.RemoteTestRunner.run(RemoteTestRunner.java:382)
	at org.eclipse.jdt.internal.junit.runner.RemoteTestRunner.main(RemoteTestRunner.java:192)
Caused by: java.net.ConnectException: Connection refused: connect
	at java.net.DualStackPlainSocketImpl.connect0(Native Method)
	at java.net.DualStackPlainSocketImpl.socketConnect(Unknown Source)
	at java.net.AbstractPlainSocketImpl.doConnect(Unknown Source)
	at java.net.AbstractPlainSocketImpl.connectToAddress(Unknown Source)
	at java.net.AbstractPlainSocketImpl.connect(Unknown Source)
	at java.net.PlainSocketImpl.connect(Unknown Source)
	at java.net.SocksSocketImpl.connect(Unknown Source)
	at java.net.Socket.connect(Unknown Source)
	at java.net.Socket.connect(Unknown Source)
	at java.net.Socket.<init>(Unknown Source)
	at java.net.Socket.<init>(Unknown Source)
	at com.mysql.jdbc.StandardSocketFactory.connect(StandardSocketFactory.java:253)
	at com.mysql.jdbc.MysqlIO.<init>(MysqlIO.java:280)
	at com.mysql.jdbc.ConnectionImpl.createNewIO(ConnectionImpl.java:2026)
	... 42 more
2017-08-21 12:17:45,852 [main] INFO  com.vunic.qaselenium.testSE.FlujoCalculoTravelClub - Inicio - Conexión con servidor Selenium: http://localhost:4444/wd/hub
2017-08-21 12:17:46,076 [main] INFO  com.vunic.qaselenium.testSE.FlujoCalculoTravelClub - Conexion OK
2017-08-21 12:17:46,100 [main] INFO  com.vunic.qaselenium.testSE.FlujoCalculoTravelClub - BD MySql Borrada OK
2017-08-21 17:01:08,140 [main] INFO  com.vunic.qaselenium.testSE.FlujoCalculoTravelClub - Inicio - Conexión con servidor Selenium: http://localhost:4444/wd/hub
2017-08-21 17:01:08,355 [main] INFO  com.vunic.qaselenium.testSE.FlujoCalculoTravelClub - Conexion OK
2017-08-21 17:01:08,418 [main] INFO  com.vunic.qaselenium.testSE.FlujoCalculoTravelClub - BD MySql Borrada OK
2017-08-21 17:01:26,919 [main] INFO  com.vunic.qaselenium.testSE.FlujoCalculoTravelClub - Inicio - Conexión con servidor Selenium: http://localhost:4444/wd/hub
2017-08-21 17:01:27,116 [main] INFO  com.vunic.qaselenium.testSE.FlujoCalculoTravelClub - Conexion OK
2017-08-21 17:01:27,128 [main] INFO  com.vunic.qaselenium.testSE.FlujoCalculoTravelClub - BD MySql Borrada OK
2017-08-21 17:01:55,211 [main] INFO  com.vunic.qaselenium.testSE.FlujoCalculoTravelClub - Inicio - Conexión con servidor Selenium: http://localhost:4444/wd/hub
2017-08-21 17:01:55,402 [main] INFO  com.vunic.qaselenium.testSE.FlujoCalculoTravelClub - Conexion OK
2017-08-21 17:01:55,413 [main] INFO  com.vunic.qaselenium.testSE.FlujoCalculoTravelClub - BD MySql Borrada OK
2017-08-21 17:02:26,198 [main] INFO  com.vunic.qaselenium.testSE.FlujoCalculoTravelClub - Inicio - Conexión con servidor Selenium: http://localhost:4444/wd/hub
2017-08-21 17:02:26,391 [main] INFO  com.vunic.qaselenium.testSE.FlujoCalculoTravelClub - Conexion OK
2017-08-21 17:02:26,400 [main] INFO  com.vunic.qaselenium.testSE.FlujoCalculoTravelClub - BD MySql Borrada OK
2017-08-21 17:02:39,690 [main] INFO  com.vunic.qaselenium.testSE.FlujoCalculoTravelClub - Inicio - Conexión con servidor Selenium: http://localhost:4444/wd/hub
2017-08-21 17:02:39,878 [main] INFO  com.vunic.qaselenium.testSE.FlujoCalculoTravelClub - Conexion OK
2017-08-21 17:02:39,886 [main] INFO  com.vunic.qaselenium.testSE.FlujoCalculoTravelClub - BD MySql Borrada OK
2017-08-22 18:24:19,369 [main] INFO  com.vunic.qaselenium.testSE.FlujoCalculoTravelClub - Inicio - Conexión con servidor Selenium: http://localhost:4444/wd/hub
2017-08-22 18:24:32,617 [main] INFO  com.vunic.qaselenium.testSE.FlujoCalculoTravelClub - Conexion OK
2017-08-22 18:24:40,189 [main] INFO  com.vunic.qaselenium.testSE.FlujoCalculoTravelClub - BD MySql Borrada OK
2017-08-22 18:24:48,417 [main] INFO  com.vunic.qaselenium.testSE.FlujoCalculoTravelClub - CONEXION MONGO BASE 01
2017-08-22 18:35:42,290 [main] INFO  com.vunic.qaselenium.testSE.FlujoCalculoTravelClub - Inicio - Conexión con servidor Selenium: http://localhost:4444/wd/hub
2017-08-22 18:35:46,028 [main] INFO  com.vunic.qaselenium.testSE.FlujoCalculoTravelClub - Conexion OK
2017-08-22 18:35:48,489 [main] INFO  com.vunic.qaselenium.testSE.FlujoCalculoTravelClub - BD MySql Borrada OK
2017-08-22 18:35:52,738 [main] INFO  com.vunic.qaselenium.testSE.FlujoCalculoTravelClub - CONEXION MONGO BASE 01
2017-08-22 18:37:23,987 [main] INFO  com.vunic.qaselenium.testSE.FlujoCalculoTravelClub - Inicio - Conexión con servidor Selenium: http://localhost:4444/wd/hub
2017-08-22 18:37:25,654 [main] INFO  com.vunic.qaselenium.testSE.FlujoCalculoTravelClub - Conexion OK
2017-08-22 18:37:25,666 [main] INFO  com.vunic.qaselenium.testSE.FlujoCalculoTravelClub - BD MySql Borrada OK
2017-08-22 18:37:26,367 [main] INFO  com.vunic.qaselenium.testSE.FlujoCalculoTravelClub - CONEXION MONGO BASE 01
2017-08-22 18:55:28,414 [main] INFO  com.vunic.qaselenium.testSE.FlujoCalculoTravelClub - Inicio - Conexión con servidor Selenium: http://localhost:4444/wd/hub
2017-08-22 18:55:30,195 [main] INFO  com.vunic.qaselenium.testSE.FlujoCalculoTravelClub - Conexion OK
2017-08-22 18:55:30,209 [main] INFO  com.vunic.qaselenium.testSE.FlujoCalculoTravelClub - BD MySql Borrada OK
2017-08-22 18:55:30,919 [main] INFO  com.vunic.qaselenium.testSE.FlujoCalculoTravelClub - CONEXION MONGO BASE 01
2017-08-22 18:58:22,178 [main] INFO  com.vunic.qaselenium.testSE.FlujoCalculoTravelClub - CONEXION MONGO BASE 02
2017-08-22 19:00:14,721 [main] INFO  com.vunic.qaselenium.testSE.FlujoCalculoTravelClub - Inicio - Conexión con servidor Selenium: http://localhost:4444/wd/hub
2017-08-22 19:00:21,645 [main] INFO  com.vunic.qaselenium.testSE.FlujoCalculoTravelClub - Conexion OK
2017-08-22 19:00:21,693 [main] INFO  com.vunic.qaselenium.testSE.FlujoCalculoTravelClub - BD MySql Borrada OK
2017-08-22 19:00:22,396 [main] INFO  com.vunic.qaselenium.testSE.FlujoCalculoTravelClub - CONEXION MONGO BASE 01
2017-08-22 19:01:17,128 [main] INFO  com.vunic.qaselenium.testSE.FlujoCalculoTravelClub - CONEXION MONGO BASE 02
2017-08-22 19:04:31,187 [main] INFO  com.vunic.qaselenium.testSE.FlujoCalculoTravelClub - Inicio - Conexión con servidor Selenium: http://localhost:4444/wd/hub
2017-08-22 19:04:33,323 [main] INFO  com.vunic.qaselenium.testSE.FlujoCalculoTravelClub - Conexion OK
2017-08-22 19:04:33,366 [main] INFO  com.vunic.qaselenium.testSE.FlujoCalculoTravelClub - BD MySql Borrada OK
2017-08-22 19:04:34,075 [main] INFO  com.vunic.qaselenium.testSE.FlujoCalculoTravelClub - CONEXION MONGO BASE 01
2017-08-22 19:04:45,665 [main] INFO  com.vunic.qaselenium.testSE.FlujoCalculoTravelClub - CONEXION MONGO BASE 02
2017-08-22 19:08:45,485 [main] INFO  com.vunic.qaselenium.testSE.FlujoCalculoTravelClub - Inicio - Conexión con servidor Selenium: http://localhost:4444/wd/hub
2017-08-22 19:08:47,606 [main] INFO  com.vunic.qaselenium.testSE.FlujoCalculoTravelClub - Conexion OK
2017-08-22 19:08:47,648 [main] INFO  com.vunic.qaselenium.testSE.FlujoCalculoTravelClub - BD MySql Borrada OK
2017-08-22 19:08:48,357 [main] INFO  com.vunic.qaselenium.testSE.FlujoCalculoTravelClub - CONEXION MONGO BASE 01
2017-08-22 19:08:57,552 [main] INFO  com.vunic.qaselenium.testSE.FlujoCalculoTravelClub - CONEXION MONGO BASE 02
2017-08-22 19:18:06,249 [main] INFO  com.vunic.qaselenium.testSE.FlujoCalculoTravelClub - Inicio - Conexión con servidor Selenium: http://localhost:4444/wd/hub
2017-08-22 19:18:07,672 [main] INFO  com.vunic.qaselenium.testSE.FlujoCalculoTravelClub - Conexion OK
2017-08-22 19:18:07,708 [main] INFO  com.vunic.qaselenium.testSE.FlujoCalculoTravelClub - BD MySql Borrada OK
2017-08-22 19:18:08,447 [main] INFO  com.vunic.qaselenium.testSE.FlujoCalculoTravelClub - CONEXION MONGO BASE 01
2017-08-22 19:18:15,164 [main] INFO  com.vunic.qaselenium.testSE.FlujoCalculoTravelClub - CONEXION MONGO BASE 02
2017-08-22 19:21:32,967 [main] INFO  com.vunic.qaselenium.testSE.FlujoCalculoTravelClub - Inicio - Conexión con servidor Selenium: http://localhost:4444/wd/hub
2017-08-22 19:21:34,585 [main] INFO  com.vunic.qaselenium.testSE.FlujoCalculoTravelClub - Conexion OK
2017-08-22 19:21:34,634 [main] INFO  com.vunic.qaselenium.testSE.FlujoCalculoTravelClub - BD MySql Borrada OK
2017-08-22 19:21:35,364 [main] INFO  com.vunic.qaselenium.testSE.FlujoCalculoTravelClub - CONEXION MONGO BASE 01
2017-08-22 19:21:50,711 [main] INFO  com.vunic.qaselenium.testSE.FlujoCalculoTravelClub - CONEXION MONGO BASE 02
2017-08-22 19:23:04,258 [main] INFO  com.vunic.qaselenium.testSE.FlujoCalculoTravelClub - Inicio - Conexión con servidor Selenium: http://localhost:4444/wd/hub
2017-08-22 19:23:05,145 [main] INFO  com.vunic.qaselenium.testSE.FlujoCalculoTravelClub - Conexion OK
2017-08-22 19:23:05,186 [main] INFO  com.vunic.qaselenium.testSE.FlujoCalculoTravelClub - BD MySql Borrada OK
2017-08-22 19:23:05,902 [main] INFO  com.vunic.qaselenium.testSE.FlujoCalculoTravelClub - CONEXION MONGO BASE 01
2017-08-22 19:23:17,804 [main] INFO  com.vunic.qaselenium.testSE.FlujoCalculoTravelClub - CONEXION MONGO BASE 02
2017-08-22 19:41:44,114 [main] INFO  com.vunic.qaselenium.testSE.FlujoCalculoTravelClub - Inicio - Conexión con servidor Selenium: http://localhost:4444/wd/hub
2017-08-22 19:41:45,213 [main] INFO  com.vunic.qaselenium.testSE.FlujoCalculoTravelClub - Conexion OK
2017-08-22 19:41:45,262 [main] INFO  com.vunic.qaselenium.testSE.FlujoCalculoTravelClub - BD MySql Borrada OK
2017-08-22 19:41:45,981 [main] INFO  com.vunic.qaselenium.testSE.FlujoCalculoTravelClub - CONEXION MONGO BASE 01
2017-08-22 19:41:52,898 [main] INFO  com.vunic.qaselenium.testSE.FlujoCalculoTravelClub - CONEXION MONGO BASE 02
2017-08-22 19:42:49,849 [main] INFO  com.vunic.qaselenium.testSE.FlujoCalculoTravelClub - Inicio - Conexión con servidor Selenium: http://localhost:4444/wd/hub
2017-08-22 19:42:51,564 [main] INFO  com.vunic.qaselenium.testSE.FlujoCalculoTravelClub - Conexion OK
2017-08-22 19:42:51,601 [main] INFO  com.vunic.qaselenium.testSE.FlujoCalculoTravelClub - BD MySql Borrada OK
2017-08-22 19:42:52,325 [main] INFO  com.vunic.qaselenium.testSE.FlujoCalculoTravelClub - CONEXION MONGO BASE 01
2017-08-22 19:43:05,317 [main] INFO  com.vunic.qaselenium.testSE.FlujoCalculoTravelClub - CONEXION MONGO BASE 02
2017-08-22 19:43:56,903 [main] INFO  com.vunic.qaselenium.testSE.FlujoCalculoTravelClub - Inicio - Conexión con servidor Selenium: http://localhost:4444/wd/hub
2017-08-22 19:44:00,488 [main] INFO  com.vunic.qaselenium.testSE.FlujoCalculoTravelClub - Conexion OK
2017-08-22 19:44:00,535 [main] INFO  com.vunic.qaselenium.testSE.FlujoCalculoTravelClub - BD MySql Borrada OK
2017-08-22 19:44:01,261 [main] INFO  com.vunic.qaselenium.testSE.FlujoCalculoTravelClub - CONEXION MONGO BASE 01
2017-08-22 19:44:15,774 [main] INFO  com.vunic.qaselenium.testSE.FlujoCalculoTravelClub - CONEXION MONGO BASE 02
2017-08-22 19:49:36,469 [main] INFO  com.vunic.qaselenium.testSE.FlujoCalculoTravelClub - Inicio - Conexión con servidor Selenium: http://localhost:4444/wd/hub
2017-08-22 19:49:37,634 [main] INFO  com.vunic.qaselenium.testSE.FlujoCalculoTravelClub - Conexion OK
2017-08-22 19:49:37,675 [main] INFO  com.vunic.qaselenium.testSE.FlujoCalculoTravelClub - BD MySql Borrada OK
2017-08-22 19:49:38,397 [main] INFO  com.vunic.qaselenium.testSE.FlujoCalculoTravelClub - CONEXION MONGO BASE 01
2017-08-22 19:49:43,744 [main] INFO  com.vunic.qaselenium.testSE.FlujoCalculoTravelClub - CONEXION MONGO BASE 02
2017-08-22 19:51:46,473 [main] INFO  com.vunic.qaselenium.testSE.FlujoCalculoTravelClub - Inicio - Conexión con servidor Selenium: http://localhost:4444/wd/hub
2017-08-22 19:51:47,356 [main] INFO  com.vunic.qaselenium.testSE.FlujoCalculoTravelClub - Conexion OK
2017-08-22 19:51:47,401 [main] INFO  com.vunic.qaselenium.testSE.FlujoCalculoTravelClub - BD MySql Borrada OK
2017-08-22 19:51:48,136 [main] INFO  com.vunic.qaselenium.testSE.FlujoCalculoTravelClub - CONEXION MONGO BASE 01
2017-08-22 19:51:54,326 [main] INFO  com.vunic.qaselenium.testSE.FlujoCalculoTravelClub - CONEXION MONGO BASE 02
2017-08-22 19:53:41,568 [main] INFO  com.vunic.qaselenium.testSE.FlujoCalculoTravelClub - Inicio - Conexión con servidor Selenium: http://localhost:4444/wd/hub
2017-08-22 19:53:42,518 [main] INFO  com.vunic.qaselenium.testSE.FlujoCalculoTravelClub - Conexion OK
2017-08-22 19:53:42,561 [main] INFO  com.vunic.qaselenium.testSE.FlujoCalculoTravelClub - BD MySql Borrada OK
2017-08-22 19:53:43,309 [main] INFO  com.vunic.qaselenium.testSE.FlujoCalculoTravelClub - CONEXION MONGO BASE 01
2017-08-22 19:53:49,382 [main] INFO  com.vunic.qaselenium.testSE.FlujoCalculoTravelClub - CONEXION MONGO BASE 02
2017-08-22 19:55:11,630 [main] INFO  com.vunic.qaselenium.testSE.FlujoCalculoTravelClub - Inicio - Conexión con servidor Selenium: http://localhost:4444/wd/hub
2017-08-22 19:55:12,970 [main] INFO  com.vunic.qaselenium.testSE.FlujoCalculoTravelClub - Conexion OK
2017-08-22 19:55:13,015 [main] INFO  com.vunic.qaselenium.testSE.FlujoCalculoTravelClub - BD MySql Borrada OK
2017-08-22 19:55:13,761 [main] INFO  com.vunic.qaselenium.testSE.FlujoCalculoTravelClub - CONEXION MONGO BASE 01
2017-08-22 19:55:18,800 [main] INFO  com.vunic.qaselenium.testSE.FlujoCalculoTravelClub - CONEXION MONGO BASE 02
2017-08-22 20:00:48,646 [main] INFO  com.vunic.qaselenium.testSE.FlujoCalculoTravelClub - Inicio - Conexión con servidor Selenium: http://localhost:4444/wd/hub
2017-08-22 20:00:49,938 [main] INFO  com.vunic.qaselenium.testSE.FlujoCalculoTravelClub - Conexion OK
2017-08-22 20:00:49,997 [main] INFO  com.vunic.qaselenium.testSE.FlujoCalculoTravelClub - BD MySql Borrada OK
2017-08-22 20:00:50,802 [main] INFO  com.vunic.qaselenium.testSE.FlujoCalculoTravelClub - CONEXION MONGO BASE 01
2017-08-22 20:00:55,732 [main] INFO  com.vunic.qaselenium.testSE.FlujoCalculoTravelClub - CONEXION MONGO BASE 02
2017-08-22 20:02:15,623 [main] INFO  com.vunic.qaselenium.testSE.FlujoCalculoTravelClub - Inicio - Conexión con servidor Selenium: http://localhost:4444/wd/hub
2017-08-22 20:02:16,865 [main] INFO  com.vunic.qaselenium.testSE.FlujoCalculoTravelClub - Conexion OK
2017-08-22 20:02:16,919 [main] INFO  com.vunic.qaselenium.testSE.FlujoCalculoTravelClub - BD MySql Borrada OK
2017-08-22 20:02:17,656 [main] INFO  com.vunic.qaselenium.testSE.FlujoCalculoTravelClub - CONEXION MONGO BASE 01
2017-08-22 20:02:22,721 [main] INFO  com.vunic.qaselenium.testSE.FlujoCalculoTravelClub - CONEXION MONGO BASE 02
2017-08-22 23:11:03,372 [main] INFO  com.vunic.qaselenium.testSE.FlujoCalculoTravelClub - Inicio - Conexión con servidor Selenium: http://localhost:4444/wd/hub
2017-08-22 23:11:05,843 [main] INFO  com.vunic.qaselenium.testSE.FlujoCalculoTravelClub - Conexion OK
2017-08-22 23:11:05,912 [main] INFO  com.vunic.qaselenium.testSE.FlujoCalculoTravelClub - BD MySql Borrada OK
2017-08-22 23:11:06,467 [main] INFO  com.vunic.qaselenium.testSE.FlujoCalculoTravelClub - CONEXION MONGO BASE 01
2017-08-22 23:11:13,666 [main] INFO  com.vunic.qaselenium.testSE.FlujoCalculoTravelClub - CONEXION MONGO BASE 02
2017-08-22 23:14:48,544 [main] INFO  com.vunic.qaselenium.testSE.FlujoCalculoTravelClub - Inicio - Conexión con servidor Selenium: http://localhost:4444/wd/hub
2017-08-22 23:14:49,440 [main] INFO  com.vunic.qaselenium.testSE.FlujoCalculoTravelClub - Conexion OK
2017-08-22 23:14:49,483 [main] INFO  com.vunic.qaselenium.testSE.FlujoCalculoTravelClub - BD MySql Borrada OK
2017-08-22 23:14:49,995 [main] INFO  com.vunic.qaselenium.testSE.FlujoCalculoTravelClub - CONEXION MONGO BASE 01
2017-08-22 23:14:54,534 [main] INFO  com.vunic.qaselenium.testSE.FlujoCalculoTravelClub - CONEXION MONGO BASE 02
2017-08-22 23:23:20,901 [main] INFO  com.vunic.qaselenium.testSE.FlujoCalculoTravelClub - Inicio - Conexión con servidor Selenium: http://localhost:4444/wd/hub
2017-08-22 23:23:21,947 [main] INFO  com.vunic.qaselenium.testSE.FlujoCalculoTravelClub - Conexion OK
2017-08-22 23:23:22,001 [main] INFO  com.vunic.qaselenium.testSE.FlujoCalculoTravelClub - BD MySql Borrada OK
2017-08-22 23:23:22,510 [main] INFO  com.vunic.qaselenium.testSE.FlujoCalculoTravelClub - CONEXION MONGO BASE 01
2017-08-22 23:23:28,312 [main] INFO  com.vunic.qaselenium.testSE.FlujoCalculoTravelClub - CONEXION MONGO BASE 02
2017-08-22 23:26:01,599 [main] INFO  com.vunic.qaselenium.testSE.FlujoCalculoTravelClub - Inicio - Conexión con servidor Selenium: http://localhost:4444/wd/hub
2017-08-22 23:26:01,797 [main] INFO  com.vunic.qaselenium.testSE.FlujoCalculoTravelClub - Conexion OK
2017-08-22 23:26:01,847 [main] INFO  com.vunic.qaselenium.testSE.FlujoCalculoTravelClub - BD MySql Borrada OK
2017-08-22 23:26:02,257 [main] INFO  com.vunic.qaselenium.testSE.FlujoCalculoTravelClub - CONEXION MONGO BASE 01
2017-08-22 23:26:05,643 [main] INFO  com.vunic.qaselenium.testSE.FlujoCalculoTravelClub - CONEXION MONGO BASE 02
2017-08-22 23:27:15,500 [main] INFO  com.vunic.qaselenium.testSE.FlujoCalculoTravelClub - Inicio - Conexión con servidor Selenium: http://localhost:4444/wd/hub
2017-08-22 23:27:16,178 [main] INFO  com.vunic.qaselenium.testSE.FlujoCalculoTravelClub - Conexion OK
2017-08-22 23:27:16,234 [main] INFO  com.vunic.qaselenium.testSE.FlujoCalculoTravelClub - BD MySql Borrada OK
2017-08-22 23:27:16,754 [main] INFO  com.vunic.qaselenium.testSE.FlujoCalculoTravelClub - CONEXION MONGO BASE 01
2017-08-22 23:27:22,483 [main] INFO  com.vunic.qaselenium.testSE.FlujoCalculoTravelClub - CONEXION MONGO BASE 02
2017-08-22 23:29:18,048 [main] INFO  com.vunic.qaselenium.testSE.FlujoCalculoTravelClub - Inicio - Conexión con servidor Selenium: http://localhost:4444/wd/hub
2017-08-22 23:29:23,173 [main] INFO  com.vunic.qaselenium.testSE.FlujoCalculoTravelClub - Conexion OK
2017-08-22 23:29:23,219 [main] INFO  com.vunic.qaselenium.testSE.FlujoCalculoTravelClub - BD MySql Borrada OK
2017-08-22 23:29:23,750 [main] INFO  com.vunic.qaselenium.testSE.FlujoCalculoTravelClub - CONEXION MONGO BASE 01
2017-08-22 23:29:51,361 [main] INFO  com.vunic.qaselenium.testSE.FlujoCalculoTravelClub - CONEXION MONGO BASE 02
2017-08-22 23:32:50,829 [main] INFO  com.vunic.qaselenium.testSE.FlujoCalculoTravelClub - Inicio - Conexión con servidor Selenium: http://localhost:4444/wd/hub
2017-08-22 23:32:51,041 [main] INFO  com.vunic.qaselenium.testSE.FlujoCalculoTravelClub - Conexion OK
2017-08-22 23:32:51,086 [main] INFO  com.vunic.qaselenium.testSE.FlujoCalculoTravelClub - BD MySql Borrada OK
2017-08-22 23:32:51,593 [main] INFO  com.vunic.qaselenium.testSE.FlujoCalculoTravelClub - CONEXION MONGO BASE 01
2017-08-22 23:32:55,998 [main] INFO  com.vunic.qaselenium.testSE.FlujoCalculoTravelClub - CONEXION MONGO BASE 02
2017-08-23 09:40:19,940 [main] INFO  com.vunic.qaselenium.testSE.FlujoCalculoTravelClub - Inicio - Conexión con servidor Selenium: http://localhost:4444/wd/hub
2017-08-23 09:40:20,180 [main] INFO  com.vunic.qaselenium.testSE.FlujoCalculoTravelClub - Conexion OK
2017-08-23 09:40:20,218 [main] INFO  com.vunic.qaselenium.testSE.FlujoCalculoTravelClub - BD MySql Borrada OK
2017-08-23 09:40:20,797 [main] INFO  com.vunic.qaselenium.testSE.FlujoCalculoTravelClub - CONEXION MONGO BASE 01
2017-08-23 09:40:27,234 [main] INFO  com.vunic.qaselenium.testSE.FlujoCalculoTravelClub - CONEXION MONGO BASE 02
2017-08-23 09:42:08,782 [main] INFO  com.vunic.qaselenium.testSE.FlujoCalculoTravelClub - Inicio - Conexión con servidor Selenium: http://localhost:4444/wd/hub
2017-08-23 09:42:08,997 [main] INFO  com.vunic.qaselenium.testSE.FlujoCalculoTravelClub - Conexion OK
2017-08-23 09:42:09,050 [main] INFO  com.vunic.qaselenium.testSE.FlujoCalculoTravelClub - BD MySql Borrada OK
2017-08-23 09:42:09,543 [main] INFO  com.vunic.qaselenium.testSE.FlujoCalculoTravelClub - CONEXION MONGO BASE 01
2017-08-23 09:42:12,729 [main] INFO  com.vunic.qaselenium.testSE.FlujoCalculoTravelClub - CONEXION MONGO BASE 02
2017-08-23 09:46:43,076 [main] INFO  com.vunic.qaselenium.testSE.FlujoCalculoTravelClub - Inicio - Conexión con servidor Selenium: http://localhost:4444/wd/hub
2017-08-23 09:46:43,300 [main] INFO  com.vunic.qaselenium.testSE.FlujoCalculoTravelClub - Conexion OK
2017-08-23 09:46:43,346 [main] INFO  com.vunic.qaselenium.testSE.FlujoCalculoTravelClub - BD MySql Borrada OK
2017-08-23 09:46:43,831 [main] INFO  com.vunic.qaselenium.testSE.FlujoCalculoTravelClub - CONEXION MONGO BASE 01
2017-08-23 09:46:48,750 [main] INFO  com.vunic.qaselenium.testSE.FlujoCalculoTravelClub - CONEXION MONGO BASE 02
2017-08-23 09:49:49,686 [main] INFO  com.vunic.qaselenium.testSE.FlujoCalculoTravelClub - Inicio - Conexión con servidor Selenium: http://localhost:4444/wd/hub
2017-08-23 09:49:49,901 [main] INFO  com.vunic.qaselenium.testSE.FlujoCalculoTravelClub - Conexion OK
2017-08-23 09:49:49,940 [main] INFO  com.vunic.qaselenium.testSE.FlujoCalculoTravelClub - BD MySql Borrada OK
2017-08-23 09:49:50,448 [main] INFO  com.vunic.qaselenium.testSE.FlujoCalculoTravelClub - CONEXION MONGO BASE 01
2017-08-23 09:49:54,177 [main] INFO  com.vunic.qaselenium.testSE.FlujoCalculoTravelClub - CONEXION MONGO BASE 02
2017-08-23 09:51:29,112 [main] INFO  com.vunic.qaselenium.testSE.FlujoCalculoTravelClub - Inicio - Conexión con servidor Selenium: http://localhost:4444/wd/hub
2017-08-23 09:51:29,336 [main] INFO  com.vunic.qaselenium.testSE.FlujoCalculoTravelClub - Conexion OK
2017-08-23 09:51:29,383 [main] INFO  com.vunic.qaselenium.testSE.FlujoCalculoTravelClub - BD MySql Borrada OK
2017-08-23 09:51:29,893 [main] INFO  com.vunic.qaselenium.testSE.FlujoCalculoTravelClub - CONEXION MONGO BASE 01
2017-08-23 09:51:32,926 [main] INFO  com.vunic.qaselenium.testSE.FlujoCalculoTravelClub - CONEXION MONGO BASE 02
2017-08-23 10:02:51,652 [main] INFO  com.vunic.qaselenium.testSE.FlujoCalculoTravelClub - Inicio - Conexión con servidor Selenium: http://localhost:4444/wd/hub
2017-08-23 10:02:51,885 [main] INFO  com.vunic.qaselenium.testSE.FlujoCalculoTravelClub - Conexion OK
2017-08-23 10:02:51,942 [main] INFO  com.vunic.qaselenium.testSE.FlujoCalculoTravelClub - BD MySql Borrada OK
2017-08-23 10:02:52,454 [main] INFO  com.vunic.qaselenium.testSE.FlujoCalculoTravelClub - CONEXION MONGO BASE 01
2017-08-23 10:02:55,453 [main] INFO  com.vunic.qaselenium.testSE.FlujoCalculoTravelClub - CONEXION MONGO BASE 02
2017-08-23 10:07:12,179 [main] INFO  com.vunic.qaselenium.testSE.FlujoCalculoTravelClub - Inicio - Conexión con servidor Selenium: http://localhost:4444/wd/hub
2017-08-23 10:07:12,395 [main] INFO  com.vunic.qaselenium.testSE.FlujoCalculoTravelClub - Conexion OK
2017-08-23 10:07:12,452 [main] INFO  com.vunic.qaselenium.testSE.FlujoCalculoTravelClub - BD MySql Borrada OK
2017-08-23 10:07:12,975 [main] INFO  com.vunic.qaselenium.testSE.FlujoCalculoTravelClub - CONEXION MONGO BASE 01
2017-08-23 10:07:16,444 [main] INFO  com.vunic.qaselenium.testSE.FlujoCalculoTravelClub - CONEXION MONGO BASE 02
2017-08-23 10:08:54,526 [main] INFO  com.vunic.qaselenium.testSE.FlujoCalculoTravelClub - Inicio - Conexión con servidor Selenium: http://localhost:4444/wd/hub
2017-08-23 10:08:54,740 [main] INFO  com.vunic.qaselenium.testSE.FlujoCalculoTravelClub - Conexion OK
2017-08-23 10:08:54,795 [main] INFO  com.vunic.qaselenium.testSE.FlujoCalculoTravelClub - BD MySql Borrada OK
2017-08-23 10:08:55,298 [main] INFO  com.vunic.qaselenium.testSE.FlujoCalculoTravelClub - CONEXION MONGO BASE 01
2017-08-23 10:08:58,339 [main] INFO  com.vunic.qaselenium.testSE.FlujoCalculoTravelClub - CONEXION MONGO BASE 02
2017-08-23 10:10:10,864 [main] INFO  com.vunic.qaselenium.testSE.FlujoCalculoTravelClub - Inicio - Conexión con servidor Selenium: http://localhost:4444/wd/hub
2017-08-23 10:10:11,075 [main] INFO  com.vunic.qaselenium.testSE.FlujoCalculoTravelClub - Conexion OK
2017-08-23 10:10:11,132 [main] INFO  com.vunic.qaselenium.testSE.FlujoCalculoTravelClub - BD MySql Borrada OK
2017-08-23 10:10:11,643 [main] INFO  com.vunic.qaselenium.testSE.FlujoCalculoTravelClub - CONEXION MONGO BASE 01
2017-08-23 10:10:14,758 [main] INFO  com.vunic.qaselenium.testSE.FlujoCalculoTravelClub - CONEXION MONGO BASE 02
2017-08-23 10:32:15,923 [main] INFO  com.vunic.qaselenium.testSE.FlujoCalculoTravelClub - Inicio - Conexión con servidor Selenium: http://localhost:4444/wd/hub
2017-08-23 10:32:16,119 [main] INFO  com.vunic.qaselenium.testSE.FlujoCalculoTravelClub - Conexion OK
2017-08-23 10:32:16,178 [main] INFO  com.vunic.qaselenium.testSE.FlujoCalculoTravelClub - BD MySql Borrada OK
2017-08-23 10:32:16,592 [main] INFO  com.vunic.qaselenium.testSE.FlujoCalculoTravelClub - CONEXION MONGO BASE 01
2017-08-23 10:32:19,631 [main] INFO  com.vunic.qaselenium.testSE.FlujoCalculoTravelClub - CONEXION MONGO BASE 02
2017-08-23 10:34:27,396 [main] INFO  com.vunic.qaselenium.testSE.FlujoCalculoTravelClub - Inicio - Conexión con servidor Selenium: http://localhost:4444/wd/hub
2017-08-23 10:34:27,590 [main] INFO  com.vunic.qaselenium.testSE.FlujoCalculoTravelClub - Conexion OK
2017-08-23 10:34:27,647 [main] INFO  com.vunic.qaselenium.testSE.FlujoCalculoTravelClub - BD MySql Borrada OK
2017-08-23 10:34:28,057 [main] INFO  com.vunic.qaselenium.testSE.FlujoCalculoTravelClub - CONEXION MONGO BASE 01
2017-08-23 10:34:32,033 [main] INFO  com.vunic.qaselenium.testSE.FlujoCalculoTravelClub - CONEXION MONGO BASE 02
